
 ==============================
 S N O P T  7.2-5    (May 2007)
 ==============================
 
 SNMEMB EXIT 100 -- finished successfully
 SNMEMB INFO 104 -- memory requirements estimated

 ==============================
 S N O P T  7.2-5    (May 2007)
 ==============================
 
 

 Nonlinear constraints       1     Linear constraints       0
 Nonlinear variables       492     Linear variables         0
 Jacobian  variables       492     Objective variables    492
 Total constraints           1     Total variables        492
 

 
 The user has defined     492   out of     492   constraint gradients.
 The user has defined     492   out of     492   objective  gradients.
 

 Major Minors     Step   nCon Feasible  Optimal  MeritFunction    nS Penalty
     0     81               1  9.8E-02  4.7E-03  1.8666615E-01    81           r
     1     81  1.6E-01      2  9.1E-02  1.8E-03  1.2340714E-01   161         n rl
     2     44  1.4E-01      3  8.7E-02  1.5E-03  1.0818042E-01   204         s  l
     3      1  1.0E+00      4 (8.4E-16) 3.7E-03  9.1320933E-02   204 1.3E-01
     4      1  1.0E+00      5 (1.4E-15) 4.4E-03  2.1921977E-02   204 1.3E-01
     5      1  5.3E-01      9 (1.8E-15) 3.3E-02  9.1605206E-03   204 1.3E-01
     6      1  2.5E-05     20 (1.8E-15) 1.4E+00  8.7796802E-03   204 1.3E-01 n
     7      1  6.5E-09     31 (1.7E-15) 2.5E+00  6.5085783E-03   204 1.3E-01 n R
     8      1  2.0E-10     42 (1.7E-15) 2.5E+00 -5.1333065E-02   204 1.3E-01 n R
     9      2  7.5E-15     52 (1.8E-15) 5.9E-01 -9.5028670E-02   204 1.3E-01 n r

 Major Minors     Step   nCon Feasible  Optimal  MeritFunction    nS Penalty
    10      2  5.0E-12     63 (1.8E-15) 2.0E+06 -4.2370353E-01   204 1.3E-01 sM
    11      2  4.9E-04     74 (1.8E-15) 1.7E+10 -2.0698014E+01   204 1.3E-01  M
    12      2  1.6E-11     85 (1.7E-15) 4.2E+07 -2.7430117E+01   204 1.3E-01 n
    13      1  1.4E-11     96 (1.7E-15) 3.6E-01 -5.2401776E+01   204 1.3E-01 n R
    14      1  2.5E-11    107 (1.7E-15) 3.6E-01 -7.4439258E+01   204 1.3E-01 n R
    15      1  2.0E-11    118 (1.7E-15) 5.9E-01 -2.2153876E+02   204 1.3E-01 n r
    16      1  1.6E-22    128 (1.7E-15) 5.9E-01 -2.8725577E+02   204 1.3E-01 n r
    17      1  9.3E-23    138 (1.8E-15) 5.9E-01 -4.0846789E+02   204 1.3E-01 n r
    18      1  4.6E-23    148 (1.7E-15) 5.9E-01 -7.0660596E+02   204 1.3E-01 n r
    19      1  1.5E-23    158 (1.7E-15) 5.9E-01 -2.6160592E+03   204 1.3E-01 n r

 Major Minors     Step   nCon Feasible  Optimal  MeritFunction    nS Penalty
    20      1  3.8E-25    168 (1.7E-15) 5.9E-01 -3.0617773E+04   204 1.3E-01 n r

 Major Minors     Step   nCon Feasible  Optimal  MeritFunction    nS Penalty
    20      1             176 (1.7E-15) 5.9E-01 -3.0617773E+04   204         n r

 Major Minors     Step   nCon Feasible  Optimal  MeritFunction    nS Penalty
    20      1             184 (1.7E-15) 5.9E-01 -3.0617773E+04   204         n r
 
 SNOPTC EXIT  40 -- terminated after numerical difficulties
 SNOPTC INFO  41 -- current point cannot be improved

 Problem name                 O
 No. of iterations                 228   Objective value     -3.0617773287E+04
 No. of major iterations            20   Linear objective     0.0000000000E+00
 Penalty parameter           0.000E+00   Nonlinear objective -3.0617773287E+04
 No. of calls to funobj            193   No. of calls to funcon            193
 No. of superbasics                204   No. of basic nonlinears             1
 No. of degenerate steps             0   Percentage                       0.00
 Max x                      22 3.6E-01   Max pi                      1 1.2E+17
 Max Primal infeas           0 0.0E+00   Max Dual infeas            56 7.1E+16
 Nonlinear constraint violn    2.9E-15
 
 

 Solution printed on file  18
 
 Time for MPS input                             0.00 seconds
 Time for solving problem                       2.82 seconds
 Time for solution output                       0.00 seconds
 Time for constraint functions                  2.82 seconds
 Time for objective function                    0.00 seconds
