
 ==============================
 S N O P T  7.2-5    (May 2007)
 ==============================
 
 SNMEMB EXIT 100 -- finished successfully
 SNMEMB INFO 104 -- memory requirements estimated

 ==============================
 S N O P T  7.2-5    (May 2007)
 ==============================
 
 

 Nonlinear constraints       1     Linear constraints       0
 Nonlinear variables       777     Linear variables         0
 Jacobian  variables       777     Objective variables    777
 Total constraints           1     Total variables        777
 

 
 The user has defined     777   out of     777   constraint gradients.
 The user has defined     777   out of     777   objective  gradients.
 

        Minor   LPmult   nInf   SumInf   rgNorm    LPobjective
          100  5.2E+00      1  1.1E+03
          200  5.2E+00      1  8.0E+02
          300  5.2E+00      1  5.4E+02
          400  5.1E+00      1  2.8E+02
          500  3.9E+00      1  3.8E+01
          600  6.0E-05                           2.5586594E-02     1
          700 -3.0E-05                  2.7E-20  2.4993034E-02    89
          800 -6.8E-06                  2.7E-20  2.4846429E-02   173

 Major Minors     Step   nCon Feasible  Optimal  MeritFunction    nS Penalty
     0    853               1  9.0E-01  3.2E-05  3.9309396E-03   220           r  T

        Minor   QPmult   nInf   SumInf   rgNorm    QPobjective    nS
          100                           1.7E-04  3.0443541E-02   120
          200                           2.3E-04  2.7197684E-02    38
          300  1.9E-04                           2.2922302E-02
          400  7.8E-05                           1.8393465E-02

 Major Minors     Step   nCon Feasible  Optimal  MeritFunction    nS Penalty
     1    482  2.8E-03      3  9.0E-01  9.5E-05  3.0661098E-02    68 2.1E-04 n r

        Minor   QPmult   nInf   SumInf   rgNorm    QPobjective    nS
          100  3.8E-02                  4.3E-18  8.5160498E-01    19
          200  9.9E-03                  1.7E-17  5.1564680E-01    93
          300 -8.2E-03                  9.5E-18  4.1777881E-01   193
          400 -7.0E-03                  8.2E-18  3.4650838E-01   293
          500 -4.4E-03                  3.5E-18  2.9772709E-01   393
          600 -1.4E-03                  2.2E-18  2.9067323E-01   493
          700 -7.3E-04                  2.2E-18  2.8960506E-01   593
          800 -4.2E-04                  2.6E-18  2.8914815E-01   693

 Major Minors     Step   nCon Feasible  Optimal  MeritFunction    nS Penalty
     2    852  1.6E-03      5  9.0E-01  6.1E-04  3.0653917E-02   745 2.1E-04 s
     3     32  1.0E+00      6 (1.6E-14) 1.3E-02  2.5927016E-01   776 3.3E-03
     4     84  1.0E+00      7 (1.9E-14) 1.3E-02  9.6895929E-02   693 3.3E-03

        Minor   QPmult   nInf   SumInf   rgNorm    QPobjective    nS
          100 -3.3E-03                  1.0E-17 -2.9080026E-02   656

 Major Minors     Step   nCon Feasible  Optimal  MeritFunction    nS Penalty
     5    170  1.9E-01      9 (1.6E-14) 4.9E-03  6.2671972E-02   718 3.3E-03
     6     27  2.1E-01     11 (1.8E-14) 3.7E-03  4.3873752E-02   732 3.3E-03
     7     32  1.6E-01     13 (1.6E-14) 2.9E-03  3.6776448E-02   759 3.3E-03
     8     30  1.6E-01     15 (1.6E-14) 1.8E-03  3.3418713E-02   748 3.3E-03
     9     19  1.7E-01     17 (1.7E-14) 1.0E-03  3.1319118E-02   744 3.3E-03

 Major Minors     Step   nCon Feasible  Optimal  MeritFunction    nS Penalty
    10     15  1.9E-01     19 (1.5E-14) 5.9E-04  3.0074372E-02   742 3.3E-03
    11     24  1.4E-01     21 (1.8E-14) 3.5E-04  2.9562941E-02   763 3.3E-03
    12     14  2.1E-01     23 (1.5E-14) 3.0E-04  2.9249210E-02   776 3.3E-03   R
    13      1  1.6E-01     25 (1.4E-14) 1.6E-04  2.9026015E-02   776 3.3E-03 s
    14      2  1.0E+00     26 (1.7E-14) 1.1E-04  2.8891565E-02   775 3.3E-03
    15      8  1.0E+00     27 (1.5E-14) 1.5E-04  2.8597104E-02   768 3.3E-03
    16     16  1.0E+00     28 (1.7E-14) 1.9E-04  2.8450567E-02   753 3.3E-03
    17     10  1.0E+00     29 (1.6E-14) 1.2E-04  2.8305259E-02   746 3.3E-03
    18     12  1.0E+00     30 (1.7E-14) 1.5E-04  2.8246944E-02   735 3.3E-03
    19     10  1.0E+00     31 (1.7E-14) 9.2E-05  2.8183038E-02   738 3.3E-03

 Major Minors     Step   nCon Feasible  Optimal  MeritFunction    nS Penalty
    20     15  1.0E+00     32 (1.6E-14) 9.8E-05  2.8060028E-02   748 3.3E-03
    21      8  1.0E+00     33 (1.6E-14) 1.2E-04  2.7947710E-02   753 3.3E-03
    22      4  1.0E+00     34 (1.6E-14) 1.3E-04  2.7799547E-02   754 3.3E-03
    23      3  1.0E+00     35 (1.7E-14) 1.8E-04  2.7635384E-02   754 3.3E-03   R
    24      4  1.0E+00     36 (1.6E-14) 1.7E-04  2.7568703E-02   751 3.3E-03 s
    25      3  1.0E+00     37 (1.6E-14) 1.1E-04  2.7465971E-02   749 3.3E-03
    26      4  1.0E+00     38 (1.7E-14) 7.6E-05  2.7417526E-02   748 3.3E-03
    27      4  1.0E+00     39 (1.6E-14) 6.4E-05  2.7370006E-02   745 3.3E-03
    28      7  1.0E+00     40 (1.6E-14) 5.6E-05  2.7326215E-02   743 3.3E-03
    29      7  1.0E+00     41 (1.8E-14) 9.4E-05  2.7279173E-02   743 3.3E-03

 Major Minors     Step   nCon Feasible  Optimal  MeritFunction    nS Penalty
    30      9  1.0E+00     42 (1.5E-14) 8.3E-05  2.7239036E-02   735 3.3E-03
    31     19  1.0E+00     43 (1.7E-14) 6.2E-05  2.7197832E-02   725 3.3E-03
    32     12  1.0E+00     44 (1.8E-14) 7.1E-05  2.7153027E-02   722 3.3E-03
    33      8  1.0E+00     45 (1.7E-14) 7.6E-05  2.7126525E-02   715 3.3E-03
    34      6  1.0E+00     46 (1.6E-14) 5.3E-05  2.7100203E-02   718 3.3E-03   R
    35      6  1.0E+00     47 (1.7E-14) 5.4E-05  2.7088869E-02   717 3.3E-03 s
    36      7  1.0E+00     48 (1.7E-14) 2.6E-05  2.7076036E-02   715 3.3E-03
    37      7  1.0E+00     49 (1.8E-14) 3.7E-05  2.7064614E-02   709 3.3E-03
    38     13  1.0E+00     50 (1.6E-14) 4.5E-05  2.7054469E-02   699 3.3E-03
    39     11  1.0E+00     51 (1.6E-14) 3.4E-05  2.7043653E-02   693 3.3E-03

 Major Minors     Step   nCon Feasible  Optimal  MeritFunction    nS Penalty
    40      7  1.0E+00     52 (1.7E-14) 3.6E-05  2.7030725E-02   689 3.3E-03
    41     10  1.0E+00     53 (1.7E-14) 3.7E-05  2.7024126E-02   686 3.3E-03
    42     10  1.0E+00     54 (1.7E-14) 2.8E-05  2.7014552E-02   679 3.3E-03
    43     13  1.0E+00     55 (1.7E-14) 6.9E-05  2.7003898E-02   675 3.3E-03
    44      6  1.0E+00     56 (1.7E-14) 8.1E-05  2.6997445E-02   674 3.3E-03
    45      5  1.0E+00     57 (1.5E-14) 6.3E-05  2.6989471E-02   676 3.3E-03   R
    46      2  1.0E+00     58 (1.6E-14) 3.2E-05  2.6986814E-02   677 3.3E-03 s
    47      8  1.0E+00     59 (1.7E-14) 2.8E-05  2.6983341E-02   678 3.3E-03
    48      2  1.0E+00     60 (1.8E-14) 2.1E-05  2.6979458E-02   679 3.3E-03
    49      3  1.0E+00     61 (1.7E-14) 2.3E-05  2.6977661E-02   681 3.3E-03

 Major Minors     Step   nCon Feasible  Optimal  MeritFunction    nS Penalty
    50      5  1.0E+00     62 (1.5E-14) 2.5E-05  2.6974976E-02   683 3.3E-03
    51      5  1.0E+00     63 (1.6E-14) 2.5E-05  2.6972121E-02   685 3.3E-03
    52      4  1.0E+00     64 (1.5E-14) 1.7E-05  2.6970098E-02   686 3.3E-03
    53      3  1.0E+00     65 (1.5E-14) 1.5E-05  2.6967370E-02   686 3.3E-03
    54      4  1.0E+00     66 (1.7E-14) 1.6E-05  2.6964526E-02   687 3.3E-03
    55      6  1.0E+00     67 (1.5E-14) 1.7E-05  2.6962338E-02   684 3.3E-03
    56      5  1.0E+00     68 (1.8E-14) 2.1E-05  2.6959960E-02   684 3.3E-03   R
    57      6  1.0E+00     69 (1.5E-14) 2.0E-05  2.6958494E-02   679 3.3E-03 s
    58      7  1.0E+00     70 (1.7E-14) 3.3E-05  2.6957325E-02   681 3.3E-03
    59      6  1.0E+00     71 (1.6E-14) 1.7E-05  2.6954746E-02   680 3.3E-03

 Major Minors     Step   nCon Feasible  Optimal  MeritFunction    nS Penalty
    60      1  4.4E-01     73 (1.6E-14) 1.4E-05  2.6953934E-02   680 3.3E-03
    61      7  1.0E+00     74 (1.7E-14) 1.2E-05  2.6952998E-02   678 3.3E-03
    62      4  1.0E+00     75 (1.6E-14) 2.8E-05  2.6952231E-02   677 3.3E-03
    63      7  1.0E+00     76 (1.5E-14) 1.7E-05  2.6951200E-02   677 3.3E-03
    64      2  1.0E+00     77 (1.7E-14) 1.7E-05  2.6950762E-02   676 3.3E-03
    65      3  1.0E+00     78 (1.6E-14) 1.1E-05  2.6950106E-02   678 3.3E-03
    66      5  1.0E+00     79 (1.8E-14) 3.1E-05  2.6949590E-02   674 3.3E-03
    67      6  1.0E+00     80 (1.6E-14) 1.7E-05  2.6948476E-02   675 3.3E-03   R
    68      3  3.3E-01     82 (1.5E-14) 9.5E-06  2.6948020E-02   677 3.3E-03 s
    69      4  1.0E+00     83 (1.6E-14) 6.0E-06  2.6947861E-02   674 3.3E-03

 Major Minors     Step   nCon Feasible  Optimal  MeritFunction    nS Penalty
    70      1  1.0E+00     84 (1.6E-14) 8.1E-06  2.6947556E-02   674 3.3E-03
    71      5  1.0E+00     85 (1.7E-14) 1.0E-05  2.6947187E-02   678 3.3E-03
    72      1  1.0E+00     86 (1.5E-14) 7.5E-06  2.6946848E-02   678 3.3E-03
    73      1  1.0E+00     87 (1.7E-14) 6.7E-06  2.6946609E-02   678 3.3E-03
    74      1  1.0E+00     88 (1.7E-14) 7.9E-06  2.6946412E-02   678 3.3E-03
    75      2  1.0E+00     89 (1.7E-14) 8.3E-06  2.6946187E-02   677 3.3E-03
    76      3  1.0E+00     90 (1.6E-14) 1.0E-05  2.6945921E-02   677 3.3E-03
    77      2  1.0E+00     91 (1.7E-14) 9.0E-06  2.6945672E-02   676 3.3E-03
    78      2  1.0E+00     92 (1.6E-14) 5.8E-06  2.6945479E-02   675 3.3E-03   R
    79      3  1.0E+00     93 (1.5E-14) 5.4E-06  2.6945388E-02   677 3.3E-03 s

 Major Minors     Step   nCon Feasible  Optimal  MeritFunction    nS Penalty
    80      4  4.5E-01     95 (1.6E-14) 9.1E-06  2.6945053E-02   676 3.3E-03
    81      6  2.6E-01     97 (1.7E-14) 6.5E-06  2.6944806E-02   673 3.3E-03
    82      5  2.9E-01     99 (1.7E-14) 5.3E-06  2.6944668E-02   675 3.3E-03
    83      3  1.0E+00    100 (1.6E-14) 1.1E-05  2.6944620E-02   673 3.3E-03
    84      4  3.4E-01    102 (1.8E-14) 9.7E-06  2.6944463E-02   676 3.3E-03
    85      4  3.8E-01    104 (1.7E-14) 6.4E-06  2.6944293E-02   677 3.3E-03
    86      3  3.7E-01    106 (1.5E-14) 7.1E-06  2.6944158E-02   675 3.3E-03
    87      5  4.1E-01    108 (1.8E-14) 5.8E-06  2.6944062E-02   671 3.3E-03
    88      5  1.0E+00    109 (1.6E-14) 1.7E-05  2.6943967E-02   671 3.3E-03
    89      3  4.7E-01    111 (1.6E-14) 1.3E-05  2.6943631E-02   673 3.3E-03   R

 Major Minors     Step   nCon Feasible  Optimal  MeritFunction    nS Penalty
    90      1  2.3E-01    113 (1.6E-14) 4.6E-06  2.6943379E-02   673 3.3E-03 s
    91      1  1.0E+00    114 (1.6E-14) 3.5E-06  2.6943285E-02   673 3.3E-03
    92      1  1.0E+00    115 (1.6E-14) 1.3E-06  2.6943262E-02   673 3.3E-03
    93      1  1.0E+00    116 (1.7E-14) 1.4E-06  2.6943250E-02   673 3.3E-03
    94      1  1.0E+00    117 (1.7E-14) 1.9E-06  2.6943230E-02   673 3.3E-03
    95      2  1.0E+00    118 (1.7E-14) 2.5E-06  2.6943201E-02   674 3.3E-03
    96      1  1.0E+00    119 (1.7E-14) 2.1E-06  2.6943184E-02   674 3.3E-03
    97      1  1.0E+00    120 (1.6E-14) 1.1E-06  2.6943171E-02   674 3.3E-03
    98      1  1.0E+00    121 (1.8E-14) 1.2E-06  2.6943161E-02   674 3.3E-03
    99      1  1.0E+00    122 (1.5E-14) 1.4E-06  2.6943152E-02   674 3.3E-03

 Major Minors     Step   nCon Feasible  Optimal  MeritFunction    nS Penalty
   100      2  1.0E+00    123 (1.7E-14) 1.4E-06  2.6943142E-02   673 3.3E-03   R
   101      1  1.0E+00    124 (1.7E-14) 8.9E-07  2.6943135E-02   673 3.3E-03 s
   102      1  5.0E-01    126 (1.7E-14) 1.2E-06  2.6943127E-02   673 3.3E-03
   103      1  1.0E+00    127 (1.7E-14) 1.3E-06  2.6943117E-02   673 3.3E-03
   104      2  1.0E+00    128 (1.5E-14) 2.7E-06  2.6943113E-02   674 3.3E-03
   105      1  1.0E+00    129 (1.6E-14) 1.4E-06  2.6943097E-02   674 3.3E-03
   106      2  4.9E-01    131 (1.7E-14) 1.3E-06  2.6943088E-02   673 3.3E-03
   107      1  1.0E+00    132 (1.4E-14) 2.0E-06  2.6943082E-02   673 3.3E-03
   108      1  1.0E+00    133 (1.7E-14) 2.0E-06  2.6943073E-02   673 3.3E-03
   109      1  1.0E+00    134 (1.6E-14) 2.2E-06  2.6943067E-02   673 3.3E-03

 Major Minors     Step   nCon Feasible  Optimal  MeritFunction    nS Penalty
   110      1  1.0E+00    135 (1.6E-14) 1.7E-06  2.6943051E-02   673 3.3E-03
   111      1  1.0E+00    136 (1.8E-14) 2.9E-06  2.6943038E-02   673 3.3E-03   R
   112      1  3.0E-01    138 (1.7E-14) 1.1E-06  2.6943027E-02   673 3.3E-03 s
   113      1  1.0E+00    139 (1.6E-14) 4.1E-07  2.6943026E-02   673 3.3E-03
   114      1  1.0E+00    140 (1.3E-14) 4.5E-07  2.6943025E-02   673 3.3E-03
   115      1  1.0E+00    141 (1.5E-14) 5.1E-07  2.6943024E-02   673 3.3E-03
   116      1  1.0E+00    142 (1.6E-14) 5.3E-07  2.6943023E-02   673 3.3E-03
   117      2  1.0E+00    143 (1.7E-14) 5.7E-07  2.6943022E-02   674 3.3E-03
   118      1  1.0E+00    144 (1.5E-14) 7.7E-07  2.6943021E-02   674 3.3E-03
   119      1  1.0E+00    145 (1.6E-14) 6.7E-07  2.6943020E-02   674 3.3E-03

 Major Minors     Step   nCon Feasible  Optimal  MeritFunction    nS Penalty
   120      2  1.0E+00    146 (1.6E-14) 4.2E-07  2.6943019E-02   673 3.3E-03
   121      1  1.0E+00    147 (1.8E-14) 5.6E-07  2.6943018E-02   673 3.3E-03
   122      1  1.0E+00    148 (1.5E-14) 4.0E-07  2.6943017E-02   673 3.3E-03   R
   123      1  1.0E+00    149 (1.7E-14) 2.3E-07  2.6943017E-02   673 3.3E-03 s
   124      1  1.0E+00    150 (1.6E-14) 6.6E-07  2.6943016E-02   673 3.3E-03
   125      1  5.3E-01    152 (1.4E-14) 6.0E-07  2.6943015E-02   673 3.3E-03
   126      1  1.0E+00    153 (1.6E-14) 7.5E-07  2.6943014E-02   673 3.3E-03
   127      1  1.0E+00    154 (1.5E-14) 8.8E-07  2.6943014E-02   673 3.3E-03
   128      1  4.9E-01    156 (1.5E-14) 4.6E-07  2.6943013E-02   673 3.3E-03
   129      1  1.0E+00    157 (1.7E-14) 5.3E-07  2.6943012E-02   673 3.3E-03

 Major Minors     Step   nCon Feasible  Optimal  MeritFunction    nS Penalty
   130      1  1.0E+00    158 (1.7E-14) 7.8E-07  2.6943012E-02   673 3.3E-03
   131      1  1.0E+00    159 (1.5E-14) 5.1E-07  2.6943011E-02   673 3.3E-03
   132      1  1.0E+00    160 (1.6E-14) 7.7E-07  2.6943011E-02   673 3.3E-03
   133      1  1.0E+00    161 (1.5E-14) 7.2E-07  2.6943010E-02   673 3.3E-03   R
   134      1  2.5E-01    163 (1.5E-14) 2.3E-07  2.6943009E-02   673 3.3E-03 s
   135      1  1.0E+00    164 (1.6E-14) 1.1E-07  2.6943009E-02   673 3.3E-03
   136      1  1.0E+00    165 (1.7E-14) 9.8E-08  2.6943009E-02   673 3.3E-03
   137      1  1.0E+00    166 (1.7E-14) 1.9E-07  2.6943009E-02   673 3.3E-03
   138      1  1.0E+00    167 (1.7E-14) 2.4E-07  2.6943009E-02   673 3.3E-03
   139      1  1.0E+00    168 (1.8E-14) 2.5E-07  2.6943009E-02   673 3.3E-03

 Major Minors     Step   nCon Feasible  Optimal  MeritFunction    nS Penalty
   140      1  1.0E+00    169 (1.6E-14) 2.3E-07  2.6943009E-02   673 3.3E-03
   141      1  1.0E+00    170 (1.6E-14) 2.5E-07  2.6943008E-02   673 3.3E-03
   142      1  1.0E+00    171 (1.5E-14) 1.7E-07  2.6943008E-02   673 3.3E-03
   143      1  1.0E+00    172 (1.4E-14) 1.2E-07  2.6943008E-02   673 3.3E-03
   144      1  1.0E+00    173 (1.8E-14) 1.2E-07  2.6943008E-02   673 3.3E-03   R
   145      1  1.0E+00    174 (1.6E-14) 8.1E-08  2.6943008E-02   673 3.3E-03 s
   146      1  1.0E+00    175 (1.4E-14) 3.9E-07  2.6943008E-02   673 3.3E-03
   147      1  4.8E-01    177 (1.7E-14) 2.2E-07  2.6943008E-02   673 3.3E-03
   148      1  1.0E+00    178 (1.6E-14) 3.3E-07  2.6943008E-02   673 3.3E-03
   149      1  1.0E+00    179 (1.5E-14) 2.7E-07  2.6943008E-02   673 3.3E-03

 Major Minors     Step   nCon Feasible  Optimal  MeritFunction    nS Penalty
   150      1  1.0E+00    180 (1.7E-14) 3.4E-07  2.6943007E-02   673 3.3E-03
   151      1  1.0E+00    181 (1.7E-14) 3.0E-07  2.6943007E-02   673 3.3E-03
   152      1  1.0E+00    182 (1.7E-14) 3.1E-07  2.6943007E-02   673 3.3E-03
   153      1  4.4E-01    184 (1.5E-14) 2.1E-07  2.6943007E-02   673 3.3E-03
   154      1  1.0E+00    185 (1.6E-14) 2.3E-07  2.6943007E-02   673 3.3E-03
   155      1  1.0E+00    186 (1.8E-14) 4.8E-07  2.6943007E-02   673 3.3E-03   R
   156      1  2.5E-01    188 (1.6E-14) 1.4E-07  2.6943007E-02   673 3.3E-03 s
   157      1  1.0E+00    189 (1.6E-14) 4.4E-08  2.6943007E-02   673 3.3E-03
   158      1  1.0E+00    190 (1.6E-14) 6.6E-08  2.6943007E-02   673 3.3E-03
   159      1  1.0E+00    191 (1.6E-14) 1.2E-07  2.6943007E-02   673 3.3E-03

 Major Minors     Step   nCon Feasible  Optimal  MeritFunction    nS Penalty
   160      1  1.0E+00    192 (1.5E-14) 1.3E-07  2.6943007E-02   673 3.3E-03
   161      1  1.0E+00    193 (1.5E-14) 1.1E-07  2.6943007E-02   673 3.3E-03
   162      1  1.0E+00    194 (1.6E-14) 9.8E-08  2.6943007E-02   673 3.3E-03
   163      1  1.0E+00    195 (1.6E-14) 9.2E-08  2.6943007E-02   673 3.3E-03
   164      1  1.0E+00    196 (1.6E-14) 5.5E-08  2.6943007E-02   673 3.3E-03
   165      1  1.0E+00    197 (1.5E-14) 8.1E-08  2.6943007E-02   673 3.3E-03
   166      1  1.0E+00    198 (1.5E-14) 7.1E-08  2.6943007E-02   673 3.3E-03   R
   167      1  1.0E+00    199 (1.6E-14) 4.1E-08  2.6943007E-02   673 3.3E-03 s
   168      1  1.0E+00    200 (1.8E-14) 7.9E-08  2.6943007E-02   673 3.3E-03
   169      1  4.3E-01    202 (1.5E-14) 5.3E-08  2.6943007E-02   673 3.3E-03

 Major Minors     Step   nCon Feasible  Optimal  MeritFunction    nS Penalty
   170      1  1.0E+00    203 (1.5E-14) 1.0E-07  2.6943007E-02   673 3.3E-03
   171      1  1.0E+00    204 (1.6E-14) 6.7E-08  2.6943007E-02   673 3.3E-03
   172      1  3.5E-01    206 (1.6E-14) 3.6E-08  2.6943007E-02   673 3.3E-03
   173      1  1.0E+00    207 (1.5E-14) 5.5E-08  2.6943007E-02   673 3.3E-03
   174      1  1.0E+00    208 (1.5E-14) 5.9E-08  2.6943007E-02   673 3.3E-03
   175      1  1.0E+00    209 (1.7E-14) 1.7E-07  2.6943007E-02   673 3.3E-03
   176      1  1.0E+00    210 (1.5E-14) 1.2E-07  2.6943007E-02   673 3.3E-03
   177      1  4.0E-01    212 (1.6E-14) 4.6E-08  2.6943007E-02   673 3.3E-03   R
   178      1  3.6E-01    214 (1.6E-14) 2.9E-08  2.6943007E-02   673 3.3E-03 s
   179      1  1.0E+00    215 (1.8E-14) 2.3E-08  2.6943007E-02   673 3.3E-03

 Major Minors     Step   nCon Feasible  Optimal  MeritFunction    nS Penalty
   180      1  1.0E+00    216 (1.8E-14) 2.1E-08  2.6943007E-02   673 3.3E-03
   181      1  1.0E+00    217 (1.6E-14) 1.7E-08  2.6943007E-02   673 3.3E-03
   182      1  1.0E+00    218 (1.5E-14) 9.6E-09  2.6943007E-02   673 3.3E-03
   183      1  1.0E+00    219 (1.7E-14) 8.6E-09  2.6943007E-02   673 3.3E-03
   184      1  1.0E+00    220 (1.6E-14) 8.0E-09  2.6943007E-02   673 3.3E-03
   185      1  1.0E+00    221 (1.5E-14) 6.4E-09  2.6943007E-02   673 3.3E-03
   186      1  1.0E+00    222 (1.7E-14) 6.0E-09  2.6943007E-02   673 3.3E-03
   187      1  1.0E+00    223 (1.5E-14) 5.4E-09  2.6943007E-02   673 3.3E-03
   188      1  1.0E+00    224 (1.5E-14) 7.0E-09  2.6943007E-02   673 3.3E-03   R
   189      1  1.0E+00    225 (1.9E-14) 4.7E-09  2.6943007E-02   673 3.3E-03 s

 Major Minors     Step   nCon Feasible  Optimal  MeritFunction    nS Penalty
   190      1  1.0E+00    226 (1.6E-14) 1.2E-08  2.6943007E-02   673 3.3E-03
   191      1  1.0E+00    227 (1.5E-14) 5.7E-09  2.6943007E-02   673 3.3E-03
   192      1  1.0E+00    228 (1.7E-14) 8.9E-09  2.6943007E-02   673 3.3E-03
   193      1  1.0E+00    229 (1.6E-14) 3.1E-09  2.6943007E-02   673 3.3E-03
   194      1  1.0E+00    230 (1.5E-14) 1.1E-08  2.6943007E-02   673 3.3E-03
   195      1  1.0E+00    231 (1.6E-14) 1.1E-08  2.6943007E-02   673 3.3E-03
   196      1  1.0E+00    232 (1.8E-14) 1.2E-08  2.6943007E-02   673 3.3E-03
   197      1  1.0E+00    233 (1.7E-14) 1.3E-08  2.6943007E-02   673 3.3E-03
   198      1  1.0E+00    234 (1.7E-14) 1.5E-08  2.6943007E-02   673 3.3E-03
   199      1  1.0E+00    235 (1.6E-14) 8.3E-09  2.6943007E-02   673 3.3E-03   R

 Major Minors     Step   nCon Feasible  Optimal  MeritFunction    nS Penalty
   200      1  3.0E-01    237 (1.7E-14) 4.0E-09  2.6943007E-02   673 3.3E-03 s
   201      1  1.0E+00    238 (1.5E-14) 4.6E-09  2.6943007E-02   673 3.3E-03
   202      1  1.0E+00    239 (1.6E-14) 4.2E-09  2.6943007E-02   673 3.3E-03
   203      1  1.0E+00    240 (1.5E-14) 3.1E-09  2.6943007E-02   673 3.3E-03
   204      1  1.0E+00    241 (1.6E-14) 3.2E-09  2.6943007E-02   673 3.3E-03
   205      1  1.0E+00    242 (1.6E-14) 2.3E-09  2.6943007E-02   673 3.3E-03
   206      1  1.0E+00    243 (1.8E-14) 1.3E-09  2.6943007E-02   673 3.3E-03
   207      1  1.0E+00    244 (1.5E-14) 9.8E-10  2.6943007E-02   673 3.3E-03
   208      1  1.0E+00    245 (1.7E-14) 6.6E-10  2.6943007E-02   673 3.3E-03
   209      1  1.0E+00    246 (1.6E-14) 6.5E-10  2.6943007E-02   673 3.3E-03

 Major Minors     Step   nCon Feasible  Optimal  MeritFunction    nS Penalty
   210      1  1.0E+00    247 (1.5E-14) 7.3E-10  2.6943007E-02   673 3.3E-03   R
   211      1  1.0E+00    248 (1.6E-14) 7.2E-10  2.6943007E-02   673 3.3E-03 s
   212      1  1.0E+00    249 (1.4E-14) 9.1E-10  2.6943007E-02   673 3.3E-03
   213      1  3.8E-01    251 (1.6E-14) 6.4E-10  2.6943007E-02   673 3.3E-03
   214      1  1.0E+00    252 (1.7E-14) 1.0E-09  2.6943007E-02   673 3.3E-03
   215      1  1.0E+00    253 (1.7E-14) 2.4E-09  2.6943007E-02   673 3.3E-03
   216      1  5.1E-01    255 (1.5E-14) 1.9E-09  2.6943007E-02   673 3.3E-03
   217      1  1.0E+00    256 (1.5E-14) 2.4E-09  2.6943007E-02   673 3.3E-03
   218      1  1.0E+00    257 (1.6E-14) 2.1E-09  2.6943007E-02   673 3.3E-03
   219      1  5.2E-01    259 (1.7E-14) 2.5E-09  2.6943007E-02   673 3.3E-03

 Major Minors     Step   nCon Feasible  Optimal  MeritFunction    nS Penalty
   220      1  1.0E+00    260 (1.7E-14) 3.1E-09  2.6943007E-02   673 3.3E-03
   221      1  1.0E+00    261 (1.8E-14) 2.8E-09  2.6943007E-02   673 3.3E-03   R
   222      1  2.4E-01    263 (1.7E-14) 9.6E-10  2.6943007E-02   673 3.3E-03 s
   223      1  1.0E+00    264 (1.7E-14) 4.1E-10  2.6943007E-02   673 3.3E-03
   224      1  1.0E+00    265 (1.6E-14) 2.3E-10  2.6943007E-02   673 1.5E+10
 
 SNOPTC EXIT   0 -- finished successfully
 SNOPTC INFO   3 -- requested accuracy could not be achieved

 Problem name                 O
 No. of iterations                3213   Objective value      2.6943006507E-02
 No. of major iterations           224   Linear objective     0.0000000000E+00
 Penalty parameter           2.645E+10   Nonlinear objective  2.6943006507E-02
 No. of calls to funobj            280   No. of calls to funcon            280
 No. of superbasics                673   No. of basic nonlinears             1
 No. of degenerate steps             0   Percentage                       0.00
 Max x                       1 3.4E-01   Max pi                      1 3.6E-03
 Max Primal infeas           0 0.0E+00   Max Dual infeas            61 1.3E-09
 Nonlinear constraint violn    1.1E-13
 
 

 Solution printed on file  18
 
 Time for MPS input                             0.00 seconds
 Time for solving problem                      41.13 seconds
 Time for solution output                       0.00 seconds
 Time for constraint functions                 35.39 seconds
 Time for objective function                    0.00 seconds
