
 ==============================
 S N O P T  7.2-5    (May 2007)
 ==============================
 
 SNMEMB EXIT 100 -- finished successfully
 SNMEMB INFO 104 -- memory requirements estimated

 ==============================
 S N O P T  7.2-5    (May 2007)
 ==============================
 
 

 Nonlinear constraints       1     Linear constraints       0
 Nonlinear variables       512     Linear variables         0
 Jacobian  variables       512     Objective variables    512
 Total constraints           1     Total variables        512
 

 
 The user has defined     512   out of     512   constraint gradients.
 The user has defined     512   out of     512   objective  gradients.
 

 Major Minors     Step   nCon Feasible  Optimal  MeritFunction    nS Penalty
     0     99               1 (0.0E+00) 1.4E-06  1.2561301E-04    99           r  T

        Minor   QPmult   nInf   SumInf   rgNorm    QPobjective    nS
          100  1.5E-06                           1.1502510E-04   198

 Major Minors     Step   nCon Feasible  Optimal  MeritFunction    nS Penalty
     1    100  1.0E+00      2 (0.0E+00) 1.4E-06  1.1953012E-04   198         n r  T

        Minor   QPmult   nInf   SumInf   rgNorm    QPobjective    nS
          100  1.1E-07                  4.0E-25  1.1091983E-05   297

 Major Minors     Step   nCon Feasible  Optimal  MeritFunction    nS Penalty
     2    100  1.0E+00      3 (0.0E+00) 1.3E-06  1.1070791E-04   297         s    T

        Minor   QPmult   nInf   SumInf   rgNorm    QPobjective    nS
          100  5.7E-08                  7.6E-26  1.0263755E-05   396

 Major Minors     Step   nCon Feasible  Optimal  MeritFunction    nS Penalty
     3    100  1.0E+00      4 (0.0E+00) 8.0E-08  1.0718176E-05   396              T
     4     51  1.0E+00      5 (0.0E+00) 7.9E-08  9.8315290E-06   446
     5     55  1.0E+00      6 (0.0E+00) 1.4E-08  8.1954157E-07   500
     6     13  1.0E+00      7 (0.0E+00) 1.2E-08  8.0713770E-07   512
     7      1  1.0E+00      8 (0.0E+00) 2.5E-08  7.6506990E-07   512
     8      1  1.0E+00      9 (0.0E+00) 3.4E-08  7.0807008E-07   512
     9      1  1.0E+00     10 (0.0E+00) 3.3E-08  6.3102922E-07   512

 Major Minors     Step   nCon Feasible  Optimal  MeritFunction    nS Penalty
    10      1  1.0E+00     11 (0.0E+00) 2.0E-08  5.7484924E-07   512
    11      1  1.0E+00     12 (0.0E+00) 2.1E-08  5.3624031E-07   512
    12      1  1.0E+00     13 (0.0E+00) 2.4E-08  4.9704309E-07   512           R
    13      1  1.0E+00     14 (0.0E+00) 1.4E-08  4.7505803E-07   512         s
    14      1  1.0E+00     15 (0.0E+00) 1.0E-08  4.4236667E-07   512
    15      1  1.0E+00     16 (0.0E+00) 1.1E-08  3.8473163E-07   512
    16      1  1.0E+00     17 (0.0E+00) 6.7E-09  3.7451308E-07   512
    17      1  1.0E+00     18 (0.0E+00) 6.6E-09  3.6448338E-07   512
    18      1  1.0E+00     19 (0.0E+00) 8.9E-09  3.5506416E-07   512
    19      1  1.0E+00     20 (0.0E+00) 9.0E-09  3.4341140E-07   512

 Major Minors     Step   nCon Feasible  Optimal  MeritFunction    nS Penalty
    20      1  1.0E+00     21 (0.0E+00) 7.1E-09  3.3003275E-07   512
    21      1  1.0E+00     22 (0.0E+00) 1.2E-08  3.0819266E-07   512
    22      1  1.0E+00     23 (0.0E+00) 1.7E-08  2.7439275E-07   512
    23      1  1.0E+00     24 (0.0E+00) 1.6E-08  2.3725569E-07   512           R
    24      1  1.0E+00     25 (0.0E+00) 1.1E-08  2.2750185E-07   512         s
    25      1  1.0E+00     26 (0.0E+00) 5.2E-09  2.2148518E-07   512
    26      1  1.0E+00     27 (0.0E+00) 3.9E-09  2.1646791E-07   512
    27      1  1.0E+00     28 (0.0E+00) 2.0E-09  2.1512816E-07   512
    28      1  1.0E+00     29 (0.0E+00) 1.7E-09  2.1471432E-07   512
    29      1  1.0E+00     30 (0.0E+00) 2.4E-09  2.1416174E-07   512

 Major Minors     Step   nCon Feasible  Optimal  MeritFunction    nS Penalty
    30      1  1.0E+00     31 (0.0E+00) 4.4E-09  2.1270835E-07   512
    31      1  1.0E+00     32 (0.0E+00) 6.8E-09  2.0947158E-07   512
    32      1  1.0E+00     33 (0.0E+00) 9.2E-09  2.0300244E-07   512
    33      1  1.0E+00     34 (0.0E+00) 9.9E-09  1.9383033E-07   512
    34      1  1.0E+00     35 (0.0E+00) 7.0E-09  1.8607159E-07   512           R
    35      1  1.0E+00     36 (0.0E+00) 4.6E-09  1.8340612E-07   512         s
    36      1  1.0E+00     37 (0.0E+00) 4.9E-09  1.8119366E-07   512
    37      1  1.0E+00     38 (0.0E+00) 3.2E-09  1.7347431E-07   512
    38      1  1.0E+00     39 (0.0E+00) 2.3E-09  1.7278855E-07   512
    39      1  1.0E+00     40 (0.0E+00) 2.1E-09  1.7126952E-07   512

 Major Minors     Step   nCon Feasible  Optimal  MeritFunction    nS Penalty
    40      1  1.0E+00     41 (0.0E+00) 1.8E-09  1.7063020E-07   512
    41      1  1.0E+00     42 (0.0E+00) 1.8E-09  1.7006147E-07   512
    42      1  1.0E+00     43 (0.0E+00) 2.6E-09  1.6945402E-07   512
    43      1  1.0E+00     44 (0.0E+00) 3.3E-09  1.6827298E-07   512
    44      1  1.0E+00     45 (0.0E+00) 3.0E-09  1.6679521E-07   512
    45      1  1.0E+00     46 (0.0E+00) 2.3E-09  1.6558262E-07   512           R
    46      1  1.0E+00     47 (0.0E+00) 2.2E-09  1.6519584E-07   512         s
    47      1  1.0E+00     48 (0.0E+00) 2.2E-09  1.6472225E-07   512
    48      1  1.0E+00     49 (0.0E+00) 1.0E-09  1.6312452E-07   512
    49      1  1.0E+00     50 (0.0E+00) 1.1E-09  1.6292691E-07   512

 Major Minors     Step   nCon Feasible  Optimal  MeritFunction    nS Penalty
    50      1  1.0E+00     51 (0.0E+00) 1.1E-09  1.6228491E-07   512
    51      1  1.0E+00     52 (0.0E+00) 1.4E-09  1.6199970E-07   512
    52      1  1.0E+00     53 (0.0E+00) 1.6E-09  1.6153166E-07   512
    53      1  1.0E+00     54 (0.0E+00) 2.0E-09  1.6080122E-07   512
    54      1  1.0E+00     55 (0.0E+00) 3.4E-09  1.5930240E-07   512
    55      1  1.0E+00     56 (0.0E+00) 4.1E-09  1.5718052E-07   512
    56      1  1.0E+00     57 (0.0E+00) 3.4E-09  1.5501000E-07   512           R
    57      1  1.0E+00     58 (0.0E+00) 2.8E-09  1.5414982E-07   512         s
    58      1  1.0E+00     59 (0.0E+00) 2.4E-09  1.5107193E-07   512
    59      1  1.0E+00     60 (0.0E+00) 1.2E-09  1.5003660E-07   512

 Major Minors     Step   nCon Feasible  Optimal  MeritFunction    nS Penalty
    60      1  1.0E+00     61 (0.0E+00) 8.9E-10  1.4971188E-07   512
    61      1  1.0E+00     62 (0.0E+00) 6.4E-10  1.4938768E-07   512
    62      1  1.0E+00     63 (0.0E+00) 8.8E-10  1.4915113E-07   512
    63      1  1.0E+00     64 (0.0E+00) 1.1E-09  1.4871617E-07   512
    64      1  1.0E+00     65 (0.0E+00) 1.0E-09  1.4822731E-07   512
    65      1  1.0E+00     66 (0.0E+00) 1.1E-09  1.4770215E-07   512
    66      1  1.0E+00     67 (0.0E+00) 1.2E-09  1.4714603E-07   512
    67      1  1.0E+00     68 (0.0E+00) 1.5E-09  1.4633235E-07   512           R
    68      1  1.0E+00     69 (0.0E+00) 1.5E-09  1.4582498E-07   512         s
    69      1  2.3E-01     71 (0.0E+00) 1.8E-09  1.4549839E-07   512

 Major Minors     Step   nCon Feasible  Optimal  MeritFunction    nS Penalty
    70      1  1.0E+00     72 (0.0E+00) 1.5E-09  1.4486595E-07   512
    71      1  1.0E+00     73 (0.0E+00) 6.4E-10  1.4438489E-07   512
    72      1  1.0E+00     74 (0.0E+00) 4.8E-10  1.4398969E-07   512
    73      1  1.0E+00     75 (0.0E+00) 1.3E-09  1.4326693E-07   512
    74      1  1.0E+00     76 (0.0E+00) 1.5E-09  1.4254821E-07   512
    75      1  1.0E+00     77 (0.0E+00) 1.1E-09  1.4169873E-07   512
    76      1  1.0E+00     78 (0.0E+00) 9.5E-10  1.4074478E-07   512
    77      1  1.0E+00     79 (0.0E+00) 1.5E-09  1.3949544E-07   512
    78      1  1.0E+00     80 (0.0E+00) 1.8E-09  1.3790598E-07   512           R
    79      1  1.8E-01     82 (0.0E+00) 1.8E-09  1.3767739E-07   512         s

 Major Minors     Step   nCon Feasible  Optimal  MeritFunction    nS Penalty
    80      1  1.0E+00     83 (0.0E+00) 1.4E-09  1.3743537E-07   512
    81      1  1.0E+00     84 (0.0E+00) 1.1E-09  1.3663556E-07   512
    82      1  1.0E+00     85 (0.0E+00) 1.1E-09  1.3645866E-07   512
    83      1  1.0E+00     86 (0.0E+00) 1.1E-09  1.3577520E-07   512
    84      1  1.0E+00     87 (0.0E+00) 6.4E-10  1.3559178E-07   512
    85      1  1.0E+00     88 (0.0E+00) 7.2E-10  1.3547035E-07   512
    86      1  1.0E+00     89 (0.0E+00) 7.3E-10  1.3535038E-07   512
    87      1  1.0E+00     90 (0.0E+00) 7.6E-10  1.3516341E-07   512
    88      1  1.0E+00     91 (0.0E+00) 5.3E-10  1.3502925E-07   512
    89      1  1.0E+00     92 (0.0E+00) 2.7E-10  1.3497552E-07   512           R

 Major Minors     Step   nCon Feasible  Optimal  MeritFunction    nS Penalty
    90      1  1.0E+00     93 (0.0E+00) 2.7E-10  1.3496355E-07   512         s
    91      1  1.4E-01     95 (0.0E+00) 7.0E-10  1.3490960E-07   512
    92      1  1.0E+00     96 (0.0E+00) 4.3E-10  1.3480865E-07   512
    93      1  1.0E+00     97 (0.0E+00) 6.9E-10  1.3471092E-07   512
    94      1  1.0E+00     98 (0.0E+00) 1.1E-09  1.3439625E-07   512
    95      1  1.0E+00     99 (0.0E+00) 1.2E-09  1.3359125E-07   512
    96      1  1.0E+00    100 (0.0E+00) 7.3E-10  1.3313061E-07   512
    97      1  1.0E+00    101 (0.0E+00) 3.6E-10  1.3276382E-07   512
    98      1  1.0E+00    102 (0.0E+00) 6.1E-10  1.3254392E-07   512
    99      1  1.0E+00    103 (0.0E+00) 5.9E-10  1.3237184E-07   512

 Major Minors     Step   nCon Feasible  Optimal  MeritFunction    nS Penalty
   100      1  1.0E+00    104 (0.0E+00) 2.8E-10  1.3229368E-07   512           R
   101      1  1.5E-01    106 (0.0E+00) 2.9E-10  1.3228965E-07   512         s
   102      1  1.0E+00    107 (0.0E+00) 2.0E-10  1.3228416E-07   512
   103      1  1.0E+00    108 (0.0E+00) 1.3E-10  1.3227826E-07   512
   104      1  1.0E+00    109 (0.0E+00) 1.4E-10  1.3227619E-07   512
   105      1  1.0E+00    110 (0.0E+00) 1.2E-10  1.3227090E-07   512
   106      1  1.0E+00    111 (0.0E+00) 7.1E-11  1.3226923E-07   512
   107      1  1.0E+00    112 (0.0E+00) 8.2E-11  1.3226810E-07   512
   108      1  1.0E+00    113 (0.0E+00) 1.1E-10  1.3226668E-07   512
   109      1  1.0E+00    114 (0.0E+00) 1.5E-10  1.3226342E-07   512

 Major Minors     Step   nCon Feasible  Optimal  MeritFunction    nS Penalty
   110      1  1.0E+00    115 (0.0E+00) 1.8E-10  1.3225810E-07   512
   111      1  1.0E+00    116 (0.0E+00) 1.7E-10  1.3225166E-07   512           R
   112      1  1.0E+00    117 (0.0E+00) 1.4E-10  1.3224932E-07   512         s
   113      1  1.0E+00    118 (0.0E+00) 9.5E-11  1.3224477E-07   512
   114      1  1.0E+00    119 (0.0E+00) 9.6E-11  1.3224340E-07   512
   115      1  1.0E+00    120 (0.0E+00) 6.3E-11  1.3224092E-07   512
   116      1  1.0E+00    121 (0.0E+00) 6.9E-11  1.3223988E-07   512
   117      1  1.0E+00    122 (0.0E+00) 7.0E-11  1.3223872E-07   512
   118      1  1.0E+00    123 (0.0E+00) 9.4E-11  1.3223720E-07   512
   119      1  1.0E+00    124 (0.0E+00) 9.5E-11  1.3223510E-07   512

 Major Minors     Step   nCon Feasible  Optimal  MeritFunction    nS Penalty
   120      1  1.0E+00    125 (0.0E+00) 9.1E-11  1.3223328E-07   512
   121      1  1.0E+00    126 (0.0E+00) 7.8E-11  1.3223192E-07   512
   122      1  1.0E+00    127 (0.0E+00) 7.6E-11  1.3223039E-07   512           R
   123      1  1.0E+00    128 (0.0E+00) 6.0E-11  1.3222942E-07   512         s
   124      1  1.7E-01    130 (0.0E+00) 1.2E-10  1.3222819E-07   512
   125      1  1.0E+00    131 (0.0E+00) 1.2E-10  1.3222529E-07   512
   126      1  1.0E+00    132 (0.0E+00) 5.5E-11  1.3222335E-07   512
   127      1  1.0E+00    133 (0.0E+00) 3.5E-11  1.3222220E-07   512
   128      1  1.0E+00    134 (0.0E+00) 7.8E-11  1.3221979E-07   512
   129      1  1.0E+00    135 (0.0E+00) 1.2E-10  1.3221631E-07   512

 Major Minors     Step   nCon Feasible  Optimal  MeritFunction    nS Penalty
   130      1  1.0E+00    136 (0.0E+00) 1.3E-10  1.3221046E-07   512
   131      1  1.0E+00    137 (0.0E+00) 9.2E-11  1.3220490E-07   512
   132      1  1.0E+00    138 (0.0E+00) 3.8E-11  1.3220166E-07   512
   133      1  1.0E+00    139 (0.0E+00) 2.6E-11  1.3220045E-07   512           R
   134      1  3.6E-01    141 (0.0E+00) 4.2E-11  1.3220035E-07   512         s
   135      1  1.0E+00    142 (0.0E+00) 3.4E-11  1.3219982E-07   512
   136      1  1.0E+00    143 (0.0E+00) 2.0E-11  1.3219920E-07   512
   137      1  1.0E+00    144 (0.0E+00) 2.1E-11  1.3219900E-07   512
   138      1  1.0E+00    145 (0.0E+00) 1.6E-11  1.3219860E-07   512
   139      1  1.0E+00    146 (0.0E+00) 1.4E-11  1.3219844E-07   512

 Major Minors     Step   nCon Feasible  Optimal  MeritFunction    nS Penalty
   140      1  1.0E+00    147 (0.0E+00) 1.6E-11  1.3219825E-07   512
   141      1  1.0E+00    148 (0.0E+00) 1.9E-11  1.3219798E-07   512
   142      1  1.0E+00    149 (0.0E+00) 3.0E-11  1.3219743E-07   512
   143      1  1.0E+00    150 (0.0E+00) 3.5E-11  1.3219664E-07   512
   144      1  1.0E+00    151 (0.0E+00) 2.9E-11  1.3219585E-07   512           R
   145      1  1.0E+00    152 (0.0E+00) 3.8E-11  1.3219573E-07   512         s
   146      1  5.1E-01    154 (0.0E+00) 2.6E-11  1.3219549E-07   512
   147      1  1.0E+00    155 (0.0E+00) 1.2E-11  1.3219533E-07   512
   148      1  1.0E+00    156 (0.0E+00) 9.3E-12  1.3219523E-07   512
   149      1  1.0E+00    157 (0.0E+00) 8.0E-12  1.3219517E-07   512

 Major Minors     Step   nCon Feasible  Optimal  MeritFunction    nS Penalty
   150      1  1.0E+00    158 (0.0E+00) 9.1E-12  1.3219508E-07   512
   151      1  1.0E+00    159 (0.0E+00) 9.0E-12  1.3219489E-07   512
   152      1  5.9E-02    161 (0.0E+00) 1.7E-11  1.3219490E-07   512
   153      1  1.0E+00    162 (0.0E+00) 1.7E-11  1.3219514E-07   512
   154      1  1.2E-02    164 (0.0E+00) 5.4E-12  1.3219490E-07   512
   155      1  1.0E+00    165 (0.0E+00) 5.5E-12  1.3219477E-07   512           R
   156      1  1.0E+00    166 (0.0E+00) 5.5E-12  1.3219439E-07   512         s
   156      2             171 (0.0E+00) 5.5E-12  1.3219439E-07   512         s r
   156      2             173 (0.0E+00) 5.5E-12  1.3219439E-07   512         s r
 
 SNOPTC EXIT  40 -- terminated after numerical difficulties
 SNOPTC INFO  41 -- current point cannot be improved

 Problem name                 O
 No. of iterations                 669   Objective value      1.3219438601E-07
 No. of major iterations           156   Linear objective     0.0000000000E+00
 Penalty parameter           0.000E+00   Nonlinear objective  1.3219438601E-07
 No. of calls to funobj            176   No. of calls to funcon            176
 No. of superbasics                512   No. of basic nonlinears             0
 No. of degenerate steps             0   Percentage                       0.00
 Max x                     242 1.0E+00   Max pi                      1 0.0E+00
 Max Primal infeas           0 0.0E+00   Max Dual infeas            39 1.1E-11
 Nonlinear constraint violn    0.0E+00
 
 

 Solution printed on file  18
 
 Time for MPS input                             0.00 seconds
 Time for solving problem                     168.35 seconds
 Time for solution output                       0.12 seconds
 Time for constraint functions                116.81 seconds
 Time for objective function                    0.00 seconds
