
 ==============================
 S N O P T  7.2-5    (May 2007)
 ==============================
 
 SNMEMB EXIT 100 -- finished successfully
 SNMEMB INFO 104 -- memory requirements estimated

 ==============================
 S N O P T  7.2-5    (May 2007)
 ==============================
 
 

 Nonlinear constraints       1     Linear constraints       0
 Nonlinear variables         5     Linear variables         0
 Jacobian  variables         5     Objective variables      5
 Total constraints           1     Total variables          5
 

 
 The user has defined       5   out of       5   constraint gradients.
 The user has defined       5   out of       5   objective  gradients.
 

 Major Minors     Step   nCon Feasible  Optimal  MeritFunction    nS Penalty
     0      1               1  1.0E-01  3.2E-04  3.7846349E+00                 r
     1      2  1.0E+00      2 (9.9E-14) 1.4E-02  1.1477349E-03     2         n r
     2      2  1.0E+00      3 (9.9E-14) 3.1E-02  1.1287477E-03     3         s
     3      1  1.0E+00      4 (1.0E-13) 1.4E-02  8.7379330E-04     3
     4      1  1.0E+00      5 (1.0E-13) 8.8E-03  7.5448355E-04     3
     5      1  1.0E+00      6 (1.0E-13) 5.1E-03  6.2970967E-04     3
     6      1  1.0E+00      7 (1.0E-13) 3.2E-03  5.1658294E-04     3
     7      1  1.0E+00      8 (1.0E-13) 1.9E-03  3.7896979E-04     3
     8      2  1.0E+00      9 (1.1E-13) 8.0E-04  2.1114263E-04     4
     9      1  1.0E+00     10 (1.1E-13) 3.7E-04  1.2784234E-04     4

 Major Minors     Step   nCon Feasible  Optimal  MeritFunction    nS Penalty
    10      1  1.0E+00     11 (1.1E-13) 3.5E-04  1.2768345E-04     4
    11      1  1.0E+00     12 (1.1E-13) 2.2E-04  1.2747950E-04     4
    12      1  1.0E+00     13 (1.1E-13) 7.5E-05  1.1173606E-04     4
    13      1  1.0E+00     14 (1.1E-13) 5.2E-05  1.1129434E-04     4
    14      1  1.0E+00     15 (1.1E-13) 5.3E-05  1.1128588E-04     4
    15      1  1.0E+00     16 (1.1E-13) 5.2E-05  1.1128216E-04     4
    16      1  1.0E+00     17 (1.1E-13) 4.5E-05  1.1120762E-04     4
    17      1  1.0E+00     18 (1.1E-13) 3.7E-05  1.1105223E-04     4
    18      1  1.0E+00     19 (1.1E-13) 5.7E-05  1.1057572E-04     4
    19      1  1.0E+00     20 (1.1E-13) 9.4E-05  1.0960282E-04     4

 Major Minors     Step   nCon Feasible  Optimal  MeritFunction    nS Penalty
    20      1  1.0E+00     21 (1.2E-13) 1.2E-04  1.0805373E-04     4
    21      1  1.0E+00     22 (1.2E-13) 9.2E-05  1.0683693E-04     4
    22      1  1.0E+00     23 (1.2E-13) 6.1E-05  1.0645449E-04     4
    23      1  1.0E+00     24 (1.2E-13) 5.0E-05  1.0638447E-04     4
    24      1  1.0E+00     25 (1.2E-13) 4.8E-05  1.0637213E-04     4
    25      1  1.0E+00     26 (1.2E-13) 4.5E-05  1.0634840E-04     4
    26      1  1.0E+00     27 (1.2E-13) 4.1E-05  1.0630221E-04     4
    27      1  1.0E+00     28 (1.2E-13) 3.3E-05  1.0620056E-04     4
    28      1  1.0E+00     29 (1.2E-13) 2.4E-05  1.0597659E-04     4
    29      1  1.0E+00     30 (1.2E-13) 3.4E-05  1.0548230E-04     4

 Major Minors     Step   nCon Feasible  Optimal  MeritFunction    nS Penalty
    30      1  1.0E+00     31 (1.2E-13) 4.5E-05  1.0447593E-04     4
    31      1  1.0E+00     32 (1.2E-13) 4.8E-05  1.0281949E-04     4
    32      1  1.0E+00     33 (1.3E-13) 3.3E-05  1.0113489E-04     4
    33      1  1.0E+00     34 (1.3E-13) 1.1E-05  1.0035325E-04     4
    34      1  1.0E+00     35 (1.3E-13)(1.2E-06) 1.0018337E-04     4
 
 SNOPTC EXIT   0 -- finished successfully
 SNOPTC INFO   1 -- optimality conditions satisfied

 Problem name                 O
 No. of iterations                  38   Objective value      1.0018336784E-04
 No. of major iterations            34   Linear objective     0.0000000000E+00
 Penalty parameter           0.000E+00   Nonlinear objective  1.0018336784E-04
 No. of calls to funobj             36   No. of calls to funcon             36
 No. of superbasics                  4   No. of basic nonlinears             1
 No. of degenerate steps             0   Percentage                       0.00
 Max x                       2 4.3E-02   Max pi                      1 1.6E-03
 Max Primal infeas           0 0.0E+00   Max Dual infeas             1 1.7E-05
 Nonlinear constraint violn    1.3E-13
 
 

 Solution printed on file  18
 
 Time for MPS input                             0.00 seconds
 Time for solving problem                     415.02 seconds
 Time for solution output                       0.00 seconds
 Time for constraint functions                432.05 seconds
 Time for objective function                    0.00 seconds
