
 ==============================
 S N O P T  7.2-5    (May 2007)
 ==============================
 
 SNMEMB EXIT 100 -- finished successfully
 SNMEMB INFO 104 -- memory requirements estimated

 ==============================
 S N O P T  7.2-5    (May 2007)
 ==============================
 
 

 Nonlinear constraints       1     Linear constraints       0
 Nonlinear variables       512     Linear variables         0
 Jacobian  variables       512     Objective variables    512
 Total constraints           1     Total variables        512
 

 
 The user has defined     512   out of     512   constraint gradients.
 The user has defined     512   out of     512   objective  gradients.
 

 Major Minors     Step   nCon Feasible  Optimal  MeritFunction    nS Penalty
     0     99               1 (0.0E+00) 1.4E-06  1.2561300E-04    99           r  T

        Minor   QPmult   nInf   SumInf   rgNorm    QPobjective    nS
          100  1.5E-06                           1.1502510E-04   198

 Major Minors     Step   nCon Feasible  Optimal  MeritFunction    nS Penalty
     1    100  1.0E+00      2 (0.0E+00) 1.4E-06  1.1953011E-04   198         n r  T

        Minor   QPmult   nInf   SumInf   rgNorm    QPobjective    nS
          100  1.1E-07                  3.9E-25  1.1091987E-05   297

 Major Minors     Step   nCon Feasible  Optimal  MeritFunction    nS Penalty
     2    100  1.0E+00      3 (0.0E+00) 1.3E-06  1.1070791E-04   297         s    T

        Minor   QPmult   nInf   SumInf   rgNorm    QPobjective    nS
          100  5.7E-08                  6.6E-24  1.0263759E-05   396

 Major Minors     Step   nCon Feasible  Optimal  MeritFunction    nS Penalty
     3    100  1.0E+00      4 (0.0E+00) 8.0E-08  1.0718181E-05   396              T
     4     51  1.0E+00      5 (0.0E+00) 7.9E-08  9.8315335E-06   446
     5     55  1.0E+00      6 (0.0E+00) 1.4E-08  8.1953856E-07   500
     6     13  1.0E+00      7 (0.0E+00) 1.2E-08  8.0713533E-07   512
     7      1  1.0E+00      8 (0.0E+00) 2.5E-08  7.6506564E-07   512
     8      1  1.0E+00      9 (0.0E+00) 3.4E-08  7.0806236E-07   512
     9      1  1.0E+00     10 (0.0E+00) 3.3E-08  6.3101359E-07   512

 Major Minors     Step   nCon Feasible  Optimal  MeritFunction    nS Penalty
    10      1  1.0E+00     11 (0.0E+00) 2.0E-08  5.7483188E-07   512
    11      1  1.0E+00     12 (0.0E+00) 2.1E-08  5.3622711E-07   512
    12      1  1.0E+00     13 (0.0E+00) 2.4E-08  4.9703655E-07   512           R
    13      1  1.0E+00     14 (0.0E+00) 1.4E-08  4.7505340E-07   512         s
    14      1  1.0E+00     15 (0.0E+00) 1.0E-08  4.4236067E-07   512
    15      1  1.0E+00     16 (0.0E+00) 1.1E-08  3.8472131E-07   512
    16      1  1.0E+00     17 (0.0E+00) 6.7E-09  3.7450356E-07   512
    17      1  1.0E+00     18 (0.0E+00) 6.6E-09  3.6447700E-07   512
    18      1  1.0E+00     19 (0.0E+00) 8.9E-09  3.5505894E-07   512
    19      1  1.0E+00     20 (0.0E+00) 9.0E-09  3.4340416E-07   512

 Major Minors     Step   nCon Feasible  Optimal  MeritFunction    nS Penalty
    20      1  1.0E+00     21 (0.0E+00) 7.1E-09  3.3002137E-07   512
    21      1  1.0E+00     22 (0.0E+00) 1.2E-08  3.0817687E-07   512
    22      1  1.0E+00     23 (0.0E+00) 1.7E-08  2.7437584E-07   512
    23      1  1.0E+00     24 (0.0E+00) 1.6E-08  2.3724482E-07   512           R
    24      1  1.0E+00     25 (0.0E+00) 1.1E-08  2.2749440E-07   512         s
    25      1  1.0E+00     26 (0.0E+00) 5.2E-09  2.2147915E-07   512
    26      1  1.0E+00     27 (0.0E+00) 3.9E-09  2.1646278E-07   512
    27      1  1.0E+00     28 (0.0E+00) 2.0E-09  2.1512382E-07   512
    28      1  1.0E+00     29 (0.0E+00) 1.7E-09  2.1471004E-07   512
    29      1  1.0E+00     30 (0.0E+00) 2.4E-09  2.1415725E-07   512

 Major Minors     Step   nCon Feasible  Optimal  MeritFunction    nS Penalty
    30      1  1.0E+00     31 (0.0E+00) 4.4E-09  2.1270340E-07   512
    31      1  1.0E+00     32 (0.0E+00) 6.7E-09  2.0946577E-07   512
    32      1  1.0E+00     33 (0.0E+00) 9.2E-09  2.0299592E-07   512
    33      1  1.0E+00     34 (0.0E+00) 9.9E-09  1.9382541E-07   512
    34      1  1.0E+00     35 (0.0E+00) 7.0E-09  1.8607108E-07   512           R
    35      1  1.0E+00     36 (0.0E+00) 4.6E-09  1.8340809E-07   512         s
    36      1  1.0E+00     37 (0.0E+00) 4.9E-09  1.8119468E-07   512
    37      1  1.0E+00     38 (0.0E+00) 3.2E-09  1.7347576E-07   512
    38      1  1.0E+00     39 (0.0E+00) 2.3E-09  1.7278899E-07   512
    39      1  1.0E+00     40 (0.0E+00) 2.1E-09  1.7127165E-07   512

 Major Minors     Step   nCon Feasible  Optimal  MeritFunction    nS Penalty
    40      1  1.0E+00     41 (0.0E+00) 1.8E-09  1.7063118E-07   512
    41      1  1.0E+00     42 (0.0E+00) 1.8E-09  1.7006200E-07   512
    42      1  1.0E+00     43 (0.0E+00) 2.6E-09  1.6945518E-07   512
    43      1  1.0E+00     44 (0.0E+00) 3.3E-09  1.6827590E-07   512
    44      1  1.0E+00     45 (0.0E+00) 3.0E-09  1.6679914E-07   512
    45      1  1.0E+00     46 (0.0E+00) 2.3E-09  1.6558575E-07   512           R
    46      1  1.0E+00     47 (0.0E+00) 2.2E-09  1.6519840E-07   512         s
    47      1  1.0E+00     48 (0.0E+00) 2.2E-09  1.6472627E-07   512
    48      1  1.0E+00     49 (0.0E+00) 1.0E-09  1.6312766E-07   512
    49      1  1.0E+00     50 (0.0E+00) 1.1E-09  1.6293075E-07   512

 Major Minors     Step   nCon Feasible  Optimal  MeritFunction    nS Penalty
    50      1  1.0E+00     51 (0.0E+00) 1.1E-09  1.6228509E-07   512
    51      1  1.0E+00     52 (0.0E+00) 1.4E-09  1.6200160E-07   512
    52      1  1.0E+00     53 (0.0E+00) 1.6E-09  1.6153227E-07   512
    53      1  1.0E+00     54 (0.0E+00) 2.0E-09  1.6079760E-07   512
    54      1  1.0E+00     55 (0.0E+00) 3.4E-09  1.5929060E-07   512
    55      1  1.0E+00     56 (0.0E+00) 4.1E-09  1.5716497E-07   512
    56      1  1.0E+00     57 (0.0E+00) 3.4E-09  1.5500045E-07   512           R
    57      1  1.0E+00     58 (0.0E+00) 2.8E-09  1.5414254E-07   512         s
    58      1  1.0E+00     59 (0.0E+00) 2.3E-09  1.5097585E-07   512
    59      1  1.0E+00     60 (0.0E+00) 1.2E-09  1.5000336E-07   512

 Major Minors     Step   nCon Feasible  Optimal  MeritFunction    nS Penalty
    60      1  1.0E+00     61 (0.0E+00) 8.6E-10  1.4967429E-07   512
    61      1  1.0E+00     62 (0.0E+00) 6.4E-10  1.4936044E-07   512
    62      1  1.0E+00     63 (0.0E+00) 8.9E-10  1.4911056E-07   512
    63      1  1.0E+00     64 (0.0E+00) 1.1E-09  1.4866902E-07   512
    64      1  1.0E+00     65 (0.0E+00) 1.0E-09  1.4817464E-07   512
    65      1  1.0E+00     66 (0.0E+00) 1.1E-09  1.4764617E-07   512
    66      1  1.0E+00     67 (0.0E+00) 1.2E-09  1.4706688E-07   512
    67      1  1.0E+00     68 (0.0E+00) 1.5E-09  1.4620675E-07   512           R
    68      1  1.0E+00     69 (0.0E+00) 1.5E-09  1.4567435E-07   512         s
    69      1  2.2E-01     71 (0.0E+00) 1.8E-09  1.4534718E-07   512

 Major Minors     Step   nCon Feasible  Optimal  MeritFunction    nS Penalty
    70      1  1.0E+00     72 (0.0E+00) 1.3E-09  1.4461283E-07   512
    71      1  1.0E+00     73 (0.0E+00) 6.5E-10  1.4425275E-07   512
    72      1  1.0E+00     74 (0.0E+00) 7.3E-10  1.4368588E-07   512
    73      1  1.0E+00     75 (0.0E+00) 1.3E-09  1.4310354E-07   512
    74      1  1.0E+00     76 (0.0E+00) 1.4E-09  1.4240694E-07   512
    75      1  1.0E+00     77 (0.0E+00) 9.2E-10  1.4167199E-07   512
    76      1  1.0E+00     78 (0.0E+00) 1.1E-09  1.4075949E-07   512
    77      1  1.0E+00     79 (0.0E+00) 1.6E-09  1.3958765E-07   512
    78      1  1.0E+00     80 (0.0E+00) 1.7E-09  1.3806331E-07   512           R
    79      1  2.1E-01     82 (0.0E+00) 1.9E-09  1.3782029E-07   512         s

 Major Minors     Step   nCon Feasible  Optimal  MeritFunction    nS Penalty
    80      1  1.0E+00     83 (0.0E+00) 1.5E-09  1.3749649E-07   512
    81      1  1.0E+00     84 (0.0E+00) 1.1E-09  1.3681164E-07   512
    82      1  1.0E+00     85 (0.0E+00) 1.0E-09  1.3661259E-07   512
    83      1  1.0E+00     86 (0.0E+00) 1.1E-09  1.3597479E-07   512
    84      1  1.0E+00     87 (0.0E+00) 6.5E-10  1.3578125E-07   512
    85      1  1.0E+00     88 (0.0E+00) 7.1E-10  1.3566729E-07   512
    86      1  1.0E+00     89 (0.0E+00) 8.1E-10  1.3556061E-07   512
    87      1  1.0E+00     90 (0.0E+00) 8.5E-10  1.3537766E-07   512
    88      1  1.0E+00     91 (0.0E+00) 6.7E-10  1.3522069E-07   512
    89      1  1.0E+00     92 (0.0E+00) 3.3E-10  1.3514431E-07   512           R

 Major Minors     Step   nCon Feasible  Optimal  MeritFunction    nS Penalty
    90      1  1.0E+00     93 (0.0E+00) 2.8E-10  1.3512847E-07   512         s
    91      1  4.3E-01     95 (0.0E+00) 4.4E-10  1.3506095E-07   512
    92      1  1.0E+00     96 (0.0E+00) 3.0E-10  1.3500765E-07   512
    93      1  1.0E+00     97 (0.0E+00) 4.3E-10  1.3494494E-07   512
    94      1  1.0E+00     98 (0.0E+00) 1.1E-09  1.3468901E-07   512
    95      1  1.0E+00     99 (0.0E+00) 1.4E-09  1.3434416E-07   512
    96      1  1.0E+00    100 (0.0E+00) 1.2E-09  1.3389061E-07   512
    97      1  1.0E+00    101 (0.0E+00) 5.4E-10  1.3354987E-07   512
    98      1  1.0E+00    102 (0.0E+00) 5.4E-10  1.3330112E-07   512
    99      1  1.0E+00    103 (0.0E+00) 1.1E-09  1.3305454E-07   512

 Major Minors     Step   nCon Feasible  Optimal  MeritFunction    nS Penalty
   100      1  1.0E+00    104 (0.0E+00) 1.3E-09  1.3275429E-07   512           R
   101      1  2.0E-01    106 (0.0E+00) 5.7E-10  1.3269844E-07   512         s
   102      1  1.0E+00    107 (0.0E+00) 4.8E-10  1.3266156E-07   512
   103      1  1.0E+00    108 (0.0E+00) 3.8E-10  1.3255809E-07   512
   104      1  1.0E+00    109 (0.0E+00) 3.7E-10  1.3254325E-07   512
   105      1  1.0E+00    110 (0.0E+00) 3.0E-10  1.3247457E-07   512
   106      1  1.0E+00    111 (0.0E+00) 2.9E-10  1.3246129E-07   512
   107      1  1.0E+00    112 (0.0E+00) 2.6E-10  1.3244979E-07   512
   108      1  1.0E+00    113 (0.0E+00) 2.7E-10  1.3243504E-07   512
   109      1  1.0E+00    114 (0.0E+00) 2.7E-10  1.3241017E-07   512

 Major Minors     Step   nCon Feasible  Optimal  MeritFunction    nS Penalty
   110      1  1.0E+00    115 (0.0E+00) 1.8E-10  1.3239020E-07   512
   111      1  1.0E+00    116 (0.0E+00) 1.3E-10  1.3238190E-07   512           R
   112      1  1.0E+00    117 (0.0E+00) 1.1E-10  1.3238047E-07   512         s
   113      1  1.8E-01    119 (0.0E+00) 2.7E-10  1.3237464E-07   512
   114      1  1.0E+00    120 (0.0E+00) 1.1E-10  1.3236777E-07   512
   115      1  1.0E+00    121 (0.0E+00) 8.5E-11  1.3236410E-07   512
   116      1  1.0E+00    122 (0.0E+00) 8.3E-11  1.3235225E-07   512
   117      1  1.0E+00    123 (0.0E+00) 1.6E-10  1.3233094E-07   512
   118      1  1.0E+00    124 (0.0E+00) 2.2E-10  1.3229510E-07   512
   119      1  1.0E+00    125 (0.0E+00) 1.8E-10  1.3225747E-07   512

 Major Minors     Step   nCon Feasible  Optimal  MeritFunction    nS Penalty
   120      1  1.0E+00    126 (0.0E+00) 8.1E-11  1.3223746E-07   512
   121      1  1.0E+00    127 (0.0E+00) 5.5E-11  1.3223196E-07   512
   122      1  1.0E+00    128 (0.0E+00) 7.1E-11  1.3222893E-07   512           R
   123      1  3.6E-01    130 (0.0E+00) 9.4E-11  1.3222832E-07   512         s
   124      1  1.0E+00    131 (0.0E+00) 4.9E-11  1.3222633E-07   512
   125      1  1.0E+00    132 (0.0E+00) 8.4E-11  1.3222456E-07   512
   126      1  1.0E+00    133 (0.0E+00) 1.1E-10  1.3222186E-07   512
   127      1  1.0E+00    134 (0.0E+00) 8.8E-11  1.3221912E-07   512
   128      1  1.0E+00    135 (0.0E+00) 8.2E-11  1.3221572E-07   512
   129      1  1.0E+00    136 (0.0E+00) 5.9E-11  1.3221262E-07   512

 Major Minors     Step   nCon Feasible  Optimal  MeritFunction    nS Penalty
   130      1  1.0E+00    137 (0.0E+00) 5.0E-11  1.3221087E-07   512
   131      1  1.0E+00    138 (0.0E+00) 3.6E-11  1.3221032E-07   512
   132      1  1.0E+00    139 (0.0E+00) 3.5E-11  1.3221005E-07   512
   133      1  1.0E+00    140 (0.0E+00) 4.1E-11  1.3220961E-07   512           R
   134      1  1.0E+00    141 (0.0E+00) 5.0E-11  1.3220938E-07   512         s
   135      1  4.2E-01    143 (0.0E+00) 4.7E-11  1.3220911E-07   512
   136      1  1.0E+00    144 (0.0E+00) 3.1E-11  1.3220872E-07   512
   137      1  1.0E+00    145 (0.0E+00) 5.5E-11  1.3220756E-07   512
   138      1  1.0E+00    146 (0.0E+00) 6.5E-11  1.3220642E-07   512
   139      1  1.0E+00    147 (0.0E+00) 5.2E-11  1.3220479E-07   512

 Major Minors     Step   nCon Feasible  Optimal  MeritFunction    nS Penalty
   140      1  1.0E+00    148 (0.0E+00) 2.6E-11  1.3220354E-07   512
   141      1  1.0E+00    149 (0.0E+00) 2.0E-11  1.3220291E-07   512
   142      1  1.0E+00    150 (0.0E+00) 2.2E-11  1.3220258E-07   512
   143      1  1.0E+00    151 (0.0E+00) 2.8E-11  1.3220207E-07   512
   144      1  1.0E+00    152 (0.0E+00) 3.2E-11  1.3220109E-07   512           R
   145      1  1.0E+00    153 (0.0E+00) 4.4E-11  1.3220069E-07   512         s
   146      1  2.4E-01    155 (0.0E+00) 3.8E-11  1.3220041E-07   512
   147      1  1.0E+00    156 (0.0E+00) 1.4E-11  1.3220009E-07   512
   148      1  1.0E+00    157 (0.0E+00) 1.6E-11  1.3219987E-07   512
   149      1  1.0E+00    158 (0.0E+00) 2.6E-11  1.3219878E-07   512

 Major Minors     Step   nCon Feasible  Optimal  MeritFunction    nS Penalty
   150      1  1.0E+00    159 (0.0E+00) 2.4E-11  1.3219829E-07   512
   151      1  1.0E+00    160 (0.0E+00) 1.5E-11  1.3219789E-07   512
   152      1  1.0E+00    161 (0.0E+00) 2.1E-11  1.3219760E-07   512
   153      1  1.0E+00    162 (0.0E+00) 2.3E-11  1.3219723E-07   512
   154      1  1.0E+00    163 (0.0E+00) 1.9E-11  1.3219685E-07   512
   155      1  1.0E+00    164 (0.0E+00) 2.1E-11  1.3219640E-07   512           R
   156      1  1.0E+00    165 (0.0E+00) 3.1E-11  1.3219629E-07   512         s
   157      1  3.0E-01    167 (0.0E+00) 2.4E-11  1.3219597E-07   512
   158      1  1.0E+00    168 (0.0E+00) 1.5E-11  1.3219585E-07   512
   159      1  1.0E+00    169 (0.0E+00) 1.4E-11  1.3219568E-07   512

 Major Minors     Step   nCon Feasible  Optimal  MeritFunction    nS Penalty
   160      1  1.0E+00    170 (0.0E+00) 1.4E-11  1.3219533E-07   512
   161      1  1.0E+00    171 (0.0E+00) 1.2E-11  1.3219516E-07   512
   162      1  1.0E+00    172 (0.0E+00) 1.0E-11  1.3219490E-07   512
   163      1  1.0E+00    173 (0.0E+00) 9.3E-12  1.3219473E-07   512
   164      1  1.0E+00    174 (0.0E+00) 7.8E-12  1.3219455E-07   512
   165      1  1.0E+00    175 (0.0E+00) 1.2E-11  1.3219426E-07   512
   166      1  1.0E+00    176 (0.0E+00) 1.8E-11  1.3219365E-07   512           R
   167      1  4.6E-01    178 (0.0E+00) 3.0E-11  1.3219360E-07   512         s
   168      1  1.0E+00    179 (0.0E+00) 1.4E-11  1.3219343E-07   512
   169      1  1.0E+00    180 (0.0E+00) 6.7E-12  1.3219338E-07   512

 Major Minors     Step   nCon Feasible  Optimal  MeritFunction    nS Penalty
   170      1  1.0E+00    181 (0.0E+00) 5.4E-12  1.3219336E-07   512
   171      1  1.0E+00    182 (0.0E+00) 7.0E-12  1.3219333E-07   512
   172      1  1.0E+00    183 (0.0E+00) 8.2E-12  1.3219327E-07   512
   173      1  1.0E+00    184 (0.0E+00) 6.3E-12  1.3219321E-07   512
   174      1  1.0E+00    185 (0.0E+00) 4.3E-12  1.3219316E-07   512
   175      1  1.0E+00    186 (0.0E+00) 7.6E-12  1.3219311E-07   512
   176      1  1.0E+00    187 (0.0E+00) 1.1E-11  1.3219304E-07   512
   177      1  1.0E+00    188 (0.0E+00) 1.0E-11  1.3219295E-07   512           R
   178      1  1.0E+00    189 (0.0E+00) 9.5E-12  1.3219293E-07   512         s
   179      1  2.5E-01    191 (0.0E+00) 5.5E-12  1.3219292E-07   512

 Major Minors     Step   nCon Feasible  Optimal  MeritFunction    nS Penalty
   180      1  1.0E+00    192 (0.0E+00) 4.3E-12  1.3219290E-07   512
   181      1  1.0E+00    193 (0.0E+00) 5.2E-12  1.3219284E-07   512
   182      1  1.0E+00    194 (0.0E+00) 5.5E-12  1.3219281E-07   512
   183      1  1.0E+00    195 (0.0E+00) 4.9E-12  1.3219274E-07   512
   184      1  1.0E+00    196 (0.0E+00) 7.1E-12  1.3219268E-07   512
   185      1  1.0E+00    197 (0.0E+00) 6.1E-12  1.3219262E-07   512
   186      1  1.0E+00    198 (0.0E+00) 3.3E-12  1.3219260E-07   512
   187      1  1.0E+00    199 (0.0E+00) 2.9E-12  1.3219258E-07   512
   188      1  1.0E+00    200 (0.0E+00) 3.8E-12  1.3219254E-07   512           R
   189      1  1.0E+00    201 (0.0E+00) 3.3E-12  1.3219254E-07   512         s

 Major Minors     Step   nCon Feasible  Optimal  MeritFunction    nS Penalty
   190      1  1.9E-01    203 (0.0E+00) 7.0E-12  1.3219253E-07   512
   191      1  1.0E+00    204 (0.0E+00) 5.1E-12  1.3219251E-07   512
   192      1  1.0E+00    205 (0.0E+00) 5.0E-12  1.3219250E-07   512
   193      1  1.0E+00    206 (0.0E+00) 2.6E-12  1.3219240E-07   512
   194      1  1.0E+00    207 (0.0E+00) 2.3E-12  1.3219239E-07   512
   195      1  1.0E+00    208 (0.0E+00) 3.3E-12  1.3219235E-07   512
   196      1  1.0E+00    209 (0.0E+00) 4.3E-12  1.3219229E-07   512
   197      1  1.0E+00    210 (0.0E+00) 4.9E-12  1.3219212E-07   512
   198      1  1.0E+00    211 (0.0E+00) 4.7E-12  1.3219194E-07   512
   199      1  1.0E+00    212 (0.0E+00) 2.7E-12  1.3219185E-07   512           R

 Major Minors     Step   nCon Feasible  Optimal  MeritFunction    nS Penalty
   200      1  1.0E+00    213 (0.0E+00) 4.6E-12  1.3219185E-07   512         s
   201      1  5.5E-02    215 (0.0E+00) 1.9E-12  1.3219185E-07   512
   202      1  1.0E+00    216 (0.0E+00) 4.4E-12  1.3219190E-07   512
   203      1  1.0E+00    217 (0.0E+00) 1.7E-12  1.3219191E-07   512
   204      1  1.0E+00    218 (0.0E+00) 5.7E-13  1.3219190E-07   512
   205      1  1.0E+00    219 (0.0E+00) 5.2E-13  1.3219190E-07   512
   206      1  1.0E+00    220 (0.0E+00) 8.1E-13  1.3219191E-07   512
   207      1  1.0E+00    221 (0.0E+00) 2.9E-13  1.3219191E-07   512
   208      1  1.0E+00    222 (0.0E+00) 2.5E-13  1.3219191E-07   512
   209      1  1.0E+00    223 (0.0E+00) 3.4E-13  1.3219191E-07   512

 Major Minors     Step   nCon Feasible  Optimal  MeritFunction    nS Penalty
   210      1  1.0E+00    224 (0.0E+00) 3.0E-13  1.3219191E-07   512           R
   211      1  5.2E-01    226 (0.0E+00) 4.7E-13  1.3219191E-07   512         s
   212      1  2.3E-01    228 (0.0E+00) 3.9E-13  1.3219191E-07   512
   213      1  1.0E+00    229 (0.0E+00) 3.0E-13  1.3219191E-07   512
   214      1  1.0E+00    230 (0.0E+00) 1.7E-13  1.3219190E-07   512
   215      1  1.0E+00    231 (0.0E+00) 1.9E-13  1.3219190E-07   512
   216      1  1.0E+00    232 (0.0E+00) 2.7E-13  1.3219190E-07   512
   217      1  1.0E+00    233 (0.0E+00) 2.4E-13  1.3219190E-07   512
   218      1  1.0E+00    234 (0.0E+00) 2.2E-13  1.3219190E-07   512
   219      1  1.0E+00    235 (0.0E+00) 2.6E-13  1.3219190E-07   512

 Major Minors     Step   nCon Feasible  Optimal  MeritFunction    nS Penalty
   220      1  1.0E+00    236 (0.0E+00) 3.0E-13  1.3219190E-07   512
   221      1  1.0E+00    237 (0.0E+00) 2.9E-13  1.3219190E-07   512           R
   222      1  1.0E+00    238 (0.0E+00) 4.7E-13  1.3219190E-07   512         s
   223      1  2.4E-01    240 (0.0E+00) 3.5E-13  1.3219190E-07   512
   224      1  1.0E+00    241 (0.0E+00) 2.4E-13  1.3219190E-07   512
   225      0  1.0E+00    242 (0.0E+00) 1.4E-13  1.3219190E-07   512
   225      0             242 (0.0E+00) 1.4E-13  1.3219190E-07   512           r
 
 SNOPTC EXIT   0 -- finished successfully
 SNOPTC INFO   3 -- requested accuracy could not be achieved

 Problem name                 O
 No. of iterations                 736   Objective value      1.3219189698E-07
 No. of major iterations           225   Linear objective     0.0000000000E+00
 Penalty parameter           0.000E+00   Nonlinear objective  1.3219189698E-07
 No. of calls to funobj            243   No. of calls to funcon            243
 No. of superbasics                512   No. of basic nonlinears             0
 No. of degenerate steps             0   Percentage                       0.00
 Max x                     379 1.0E+00   Max pi                      1 0.0E+00
 Max Primal infeas           0 0.0E+00   Max Dual infeas           316 2.8E-13
 Nonlinear constraint violn    0.0E+00
 
 

 Solution printed on file  18
 
 Time for MPS input                             0.00 seconds
 Time for solving problem                       6.83 seconds
 Time for solution output                       0.00 seconds
 Time for constraint functions                  4.56 seconds
 Time for objective function                    0.00 seconds
